<?xml version="1.0" encoding="UTF-8"?>
<!-- Generated by org.testng.reporters.JUnitReportReporter -->
<testsuite hostname="PATEL" failures="0" tests="1" name="com.InetBanking.TestCases.TC_LoginTest_001" time="7.568" errors="0" timestamp="2021-05-08T08:22:13 IST" skipped="0">
  <testcase classname="com.InetBanking.TestCases.TC_LoginTest_001" name="loginTest" time="7.568"/>
  <system-out/>
</testsuite> <!-- com.InetBanking.TestCases.TC_LoginTest_001 -->
